<?xml version="1.0" encoding="UTF-8"?>
<!-- Generated by org.testng.reporters.JUnitXMLReporter -->
<testsuite ignored="0" hostname="HIN-J36JYY2-LT" failures="6" tests="6" name="SeleniumTest" time="3.753" errors="0" timestamp="2021-04-14T23:01:49 IST">
  <testcase classname="flipkart" name="clickOnLogout" time="0.039">
    <failure type="java.lang.NullPointerException">
      <![CDATA[java.lang.NullPointerException
at java.base/java.util.Objects.requireNonNull(Objects.java:208)
at org.openqa.selenium.interactions.Actions.<init>(Actions.java:65)
at flipkart.clickOnLogout(flipkart.java:93)
at java.base/java.util.ArrayList.forEach(ArrayList.java:1511)
... Removed 27 stack frames]]>
    </failure>
  </testcase> <!-- clickOnLogout -->
  <testcase classname="flipkart" name="endSession" time="0.002">
    <failure type="java.lang.NullPointerException" message="Cannot invoke &amp;quot;org.openqa.selenium.WebDriver.close()&amp;quot; because &amp;quot;flipkart.driver&amp;quot; is null">
      <![CDATA[java.lang.NullPointerException: Cannot invoke "org.openqa.selenium.WebDriver.close()" because "flipkart.driver" is null
at flipkart.endSession(flipkart.java:100)
at java.base/java.util.ArrayList.forEach(ArrayList.java:1511)
... Removed 27 stack frames]]>
    </failure>
  </testcase> <!-- endSession -->
  <testcase classname="flipkart" name="flipkartLogin" time="0.011">
    <failure type="java.lang.NullPointerException" message="Cannot invoke &amp;quot;org.openqa.selenium.WebDriver.findElement(org.openqa.selenium.By)&amp;quot; because &amp;quot;flipkart.driver&amp;quot; is null">
      <![CDATA[java.lang.NullPointerException: Cannot invoke "org.openqa.selenium.WebDriver.findElement(org.openqa.selenium.By)" because "flipkart.driver" is null
at flipkart.flipkartLogin(flipkart.java:33)
at java.base/java.util.ArrayList.forEach(ArrayList.java:1511)
... Removed 27 stack frames]]>
    </failure>
  </testcase> <!-- flipkartLogin -->
  <testcase classname="flipkart" name="highLighterMethod" time="0.0">
    <failure type="org.testng.TestNGException" message="
Cannot inject @Test annotated Method [highLighterMethod] with [interface org.openqa.selenium.WebDriver, interface org.openqa.selenium.WebElement].
For more information on native dependency injection please refer to https://testng.org/doc/documentation-main.html#native-dependency-injection">
      <![CDATA[org.testng.TestNGException: 
Cannot inject @Test annotated Method [highLighterMethod] with [interface org.openqa.selenium.WebDriver, interface org.openqa.selenium.WebElement].
For more information on native dependency injection please refer to https://testng.org/doc/documentation-main.html#native-dependency-injection
at java.base/java.util.ArrayList.forEach(ArrayList.java:1511)
... Removed 26 stack frames]]>
    </failure>
  </testcase> <!-- highLighterMethod -->
  <testcase classname="flipkart" name="initWebdriver" time="3.58">
    <failure type="org.openqa.selenium.SessionNotCreatedException" message="session not created: This version of ChromeDriver only supports Chrome version 87
Current browser version is 89.0.4389.114 with binary path C:\Program Files (x86)\Google\Chrome\Application\chrome.exe
Build info: version: &amp;apos;3.141.59&amp;apos;, revision: &amp;apos;e82be7d358&amp;apos;, time: &amp;apos;2018-11-14T08:17:03&amp;apos;
System info: host: &amp;apos;HIN-J36JYY2-LT&amp;apos;, ip: &amp;apos;10.13.114.92&amp;apos;, os.name: &amp;apos;Windows 10&amp;apos;, os.arch: &amp;apos;amd64&amp;apos;, os.version: &amp;apos;10.0&amp;apos;, java.version: &amp;apos;15.0.2&amp;apos;
Driver info: driver.version: ChromeDriver
remote stacktrace: Backtrace:
	Ordinal0 [0x0050C0C3+3326147]
	Ordinal0 [0x003F0851+2164817]
	Ordinal0 [0x00277298+619160]
	Ordinal0 [0x001F1D92+73106]
	Ordinal0 [0x001EE119+57625]
	Ordinal0 [0x001EC38A+50058]
	Ordinal0 [0x00215F3E+220990]
	Ordinal0 [0x00215CAC+220332]
	Ordinal0 [0x0021189B+202907]
	Ordinal0 [0x001F3DF4+81396]
	Ordinal0 [0x001F4DEE+85486]
	Ordinal0 [0x001F4D79+85369]
	Ordinal0 [0x004085DC+2262492]
	GetHandleVerifier [0x00692874+1487204]
	GetHandleVerifier [0x006923CD+1486013]
	GetHandleVerifier [0x0069A368+1518680]
	GetHandleVerifier [0x00692F4E+1488958]
	Ordinal0 [0x003FED0D+2223373]
	Ordinal0 [0x0040A12B+2269483]
	Ordinal0 [0x0040A26F+2269807]
	Ordinal0 [0x0041ECB8+2354360]
	BaseThreadInitThunk [0x75EE6359+25]
	RtlGetAppContainerNamedObjectPath [0x77478964+228]
	RtlGetAppContainerNamedObjectPath [0x77478934+180]
">
      <![CDATA[org.openqa.selenium.SessionNotCreatedException: session not created: This version of ChromeDriver only supports Chrome version 87
Current browser version is 89.0.4389.114 with binary path C:\Program Files (x86)\Google\Chrome\Application\chrome.exe
Build info: version: '3.141.59', revision: 'e82be7d358', time: '2018-11-14T08:17:03'
System info: host: 'HIN-J36JYY2-LT', ip: '10.13.114.92', os.name: 'Windows 10', os.arch: 'amd64', os.version: '10.0', java.version: '15.0.2'
Driver info: driver.version: ChromeDriver
remote stacktrace: Backtrace:
Ordinal0 [0x0050C0C3+3326147]
Ordinal0 [0x003F0851+2164817]
Ordinal0 [0x00277298+619160]
Ordinal0 [0x001F1D92+73106]
Ordinal0 [0x001EE119+57625]
Ordinal0 [0x001EC38A+50058]
Ordinal0 [0x00215F3E+220990]
Ordinal0 [0x00215CAC+220332]
Ordinal0 [0x0021189B+202907]
Ordinal0 [0x001F3DF4+81396]
Ordinal0 [0x001F4DEE+85486]
Ordinal0 [0x001F4D79+85369]
Ordinal0 [0x004085DC+2262492]
GetHandleVerifier [0x00692874+1487204]
GetHandleVerifier [0x006923CD+1486013]
GetHandleVerifier [0x0069A368+1518680]
GetHandleVerifier [0x00692F4E+1488958]
Ordinal0 [0x003FED0D+2223373]
Ordinal0 [0x0040A12B+2269483]
Ordinal0 [0x0040A26F+2269807]
Ordinal0 [0x0041ECB8+2354360]
BaseThreadInitThunk [0x75EE6359+25]
RtlGetAppContainerNamedObjectPath [0x77478964+228]
RtlGetAppContainerNamedObjectPath [0x77478934+180]

at org.openqa.selenium.remote.W3CHandshakeResponse.lambda$errorHandler$0(W3CHandshakeResponse.java:62)
at org.openqa.selenium.remote.HandshakeResponse.lambda$getResponseFunction$0(HandshakeResponse.java:30)
at org.openqa.selenium.remote.ProtocolHandshake.lambda$createSession$0(ProtocolHandshake.java:126)
at java.base/java.util.stream.ReferencePipeline$3$1.accept(ReferencePipeline.java:195)
at java.base/java.util.Spliterators$ArraySpliterator.tryAdvance(Spliterators.java:958)
at java.base/java.util.stream.ReferencePipeline.forEachWithCancel(ReferencePipeline.java:127)
at java.base/java.util.stream.AbstractPipeline.copyIntoWithCancel(AbstractPipeline.java:502)
at java.base/java.util.stream.AbstractPipeline.copyInto(AbstractPipeline.java:488)
at java.base/java.util.stream.AbstractPipeline.wrapAndCopyInto(AbstractPipeline.java:474)
at java.base/java.util.stream.FindOps$FindOp.evaluateSequential(FindOps.java:150)
at java.base/java.util.stream.AbstractPipeline.evaluate(AbstractPipeline.java:234)
at java.base/java.util.stream.ReferencePipeline.findFirst(ReferencePipeline.java:543)
at org.openqa.selenium.remote.ProtocolHandshake.createSession(ProtocolHandshake.java:128)
at org.openqa.selenium.remote.ProtocolHandshake.createSession(ProtocolHandshake.java:74)
at org.openqa.selenium.remote.HttpCommandExecutor.execute(HttpCommandExecutor.java:136)
at org.openqa.selenium.remote.service.DriverCommandExecutor.execute(DriverCommandExecutor.java:83)
at org.openqa.selenium.remote.RemoteWebDriver.execute(RemoteWebDriver.java:552)
at org.openqa.selenium.remote.RemoteWebDriver.startSession(RemoteWebDriver.java:213)
at org.openqa.selenium.remote.RemoteWebDriver.<init>(RemoteWebDriver.java:131)
at org.openqa.selenium.chrome.ChromeDriver.<init>(ChromeDriver.java:181)
at org.openqa.selenium.chrome.ChromeDriver.<init>(ChromeDriver.java:168)
at org.openqa.selenium.chrome.ChromeDriver.<init>(ChromeDriver.java:123)
at flipkart.initWebdriver(flipkart.java:25)
at java.base/java.util.ArrayList.forEach(ArrayList.java:1511)
... Removed 32 stack frames]]>
    </failure>
  </testcase> <!-- initWebdriver -->
  <testcase classname="flipkart" name="searchItem" time="0.001">
    <failure type="java.lang.NullPointerException" message="Cannot invoke &amp;quot;org.openqa.selenium.WebDriver.findElement(org.openqa.selenium.By)&amp;quot; because &amp;quot;flipkart.driver&amp;quot; is null">
      <![CDATA[java.lang.NullPointerException: Cannot invoke "org.openqa.selenium.WebDriver.findElement(org.openqa.selenium.By)" because "flipkart.driver" is null
at flipkart.searchItem(flipkart.java:55)
at java.base/java.util.ArrayList.forEach(ArrayList.java:1511)
... Removed 27 stack frames]]>
    </failure>
  </testcase> <!-- searchItem -->
</testsuite> <!-- SeleniumTest -->
